  TextureManager.cpp
  SpritePool.cpp
  InitialState.cpp
f:\soma\src\game\player.hpp(8): warning C4305: "Initialisierung": Verkürzung von "double" in "float"
  Enemy.cpp
f:\soma\src\game\enemy.cpp(24): warning C4244: "=": Konvertierung von "SpriterEngine::real" in "int", möglicher Datenverlust
f:\soma\src\game\enemy.cpp(25): warning C4244: "=": Konvertierung von "SpriterEngine::real" in "int", möglicher Datenverlust
f:\soma\src\game\enemy.cpp(26): warning C4244: "=": Konvertierung von "SpriterEngine::real" in "int", möglicher Datenverlust
f:\soma\src\game\enemy.cpp(27): warning C4244: "=": Konvertierung von "SpriterEngine::real" in "int", möglicher Datenverlust
  Combatant.cpp
f:\soma\src\game\combatant.cpp(14): warning C4244: "=": Konvertierung von "SpriterEngine::real" in "int", möglicher Datenverlust
f:\soma\src\game\combatant.cpp(15): warning C4244: "=": Konvertierung von "SpriterEngine::real" in "int", möglicher Datenverlust
  Code wird generiert...
  Kompilieren...
  main.cpp
f:\soma\src\game\player.hpp(8): warning C4305: "Initialisierung": Verkürzung von "double" in "float"
  Simon.cpp
f:\soma\src\game\player.hpp(8): warning C4305: "Initialisierung": Verkürzung von "double" in "float"
f:\soma\src\game\simon.cpp(91): warning C4244: "Argument": Konvertierung von "float" in "int", möglicher Datenverlust
  Player.cpp
f:\soma\src\game\player.hpp(8): warning C4305: "Initialisierung": Verkürzung von "double" in "float"
f:\soma\src\game\player.cpp(14): warning C4244: "=": Konvertierung von "SpriterEngine::real" in "int", möglicher Datenverlust
f:\soma\src\game\player.cpp(15): warning C4244: "=": Konvertierung von "SpriterEngine::real" in "int", möglicher Datenverlust
f:\soma\src\game\player.cpp(16): warning C4244: "=": Konvertierung von "SpriterEngine::real" in "int", möglicher Datenverlust
f:\soma\src\game\player.cpp(17): warning C4244: "=": Konvertierung von "SpriterEngine::real" in "int", möglicher Datenverlust
f:\soma\src\game\player.cpp(32): warning C4244: "Argument": Konvertierung von "SpriterEngine::real" in "int", möglicher Datenverlust
  Ole.cpp
f:\soma\src\game\player.hpp(8): warning C4305: "Initialisierung": Verkürzung von "double" in "float"
f:\soma\src\game\ole.cpp(85): warning C4244: "Argument": Konvertierung von "float" in "int", möglicher Datenverlust
  Markus.cpp
f:\soma\src\game\player.hpp(8): warning C4305: "Initialisierung": Verkürzung von "double" in "float"
f:\soma\src\game\markus.cpp(90): warning C4244: "Argument": Konvertierung von "float" in "int", möglicher Datenverlust
  Level.cpp
f:\soma\src\game\level.cpp(55): warning C4018: ">": Konflikt zwischen "signed" und "unsigned"
f:\soma\src\game\level.cpp(59): warning C4018: ">": Konflikt zwischen "signed" und "unsigned"
  Game.cpp
f:\soma\src\game\player.hpp(8): warning C4305: "Initialisierung": Verkürzung von "double" in "float"
f:\soma\src\game\game.cpp(74): warning C4244: "Argument": Konvertierung von "int" in "float", möglicher Datenverlust
f:\soma\src\game\game.cpp(75): warning C4244: "Argument": Konvertierung von "const float" in "int", möglicher Datenverlust
f:\soma\src\game\game.cpp(113): warning C4244: "Argument": Konvertierung von "const float" in "int", möglicher Datenverlust
f:\soma\src\game\game.cpp(125): warning C4244: "Argument": Konvertierung von "float" in "int", möglicher Datenverlust
  CombatantStatus.cpp
f:\soma\src\game\combatantstatus.cpp(42): warning C4244: "-=": Konvertierung von "float" in "int", möglicher Datenverlust
  BattleGUI.cpp
  Battle.cpp
f:\soma\src\game\player.hpp(8): warning C4305: "Initialisierung": Verkürzung von "double" in "float"
f:\soma\src\game\battle.cpp(7): warning C4244: "Argument": Konvertierung von "time_t" in "unsigned int", möglicher Datenverlust
  Anna.cpp
f:\soma\src\game\player.hpp(8): warning C4305: "Initialisierung": Verkürzung von "double" in "float"
f:\soma\src\game\anna.cpp(102): warning C4244: "Argument": Konvertierung von "float" in "int", möglicher Datenverlust
  AdventureGroup.cpp
f:\soma\src\game\player.hpp(8): warning C4305: "Initialisierung": Verkürzung von "double" in "float"
  Code wird generiert...
  Soma.vcxproj -> F:\Soma\Debug\Soma.exe
  Soma.vcxproj -> F:\Soma\Debug\Soma.pdb (Partial PDB)
