  Gameengine.cpp
  Sprite.cpp
  SpriteWithText.cpp
src\Framework\Graphics\SpriteWithText.cpp(53): warning C4244: "Argument": Konvertierung von "int" in "float", möglicher Datenverlust
  Beam.cpp
  Button.cpp
  StringInput.cpp
  Time.cpp
  Window.cpp
  InitialState.cpp
  FontManager.cpp
  ObjectPropertiesManager.cpp
  SoundManager.cpp
  StringManager.cpp
  TextureManager.cpp
  main.cpp
  Code wird generiert.
  All 413 functions were compiled because no usable IPDB/IOBJ from previous compilation was found.
  Codegenerierung ist abgeschlossen.
  Soma.vcxproj -> F:\Soma\Release\Soma.exe
  Soma.vcxproj -> F:\Soma\Release\Soma.pdb (Full PDB)
